<?xml version="1.0" encoding="UTF-8"?>
<!-- Generated by org.testng.reporters.JUnitReportReporter -->
<testsuite hostname="MSI" name="com.tests.TestLogIn" tests="2" failures="0" timestamp="6 Jul 2016 00:34:44 GMT" time="17.857" errors="0">
  <testcase name="login" time="9.310" classname="com.tests.TestLogIn"/>
  <testcase name="wrongLogin" time="8.547" classname="com.tests.TestLogIn"/>
</testsuite> <!-- com.tests.TestLogIn -->
