<?xml version="1.0" encoding="UTF-8"?>
<!-- Generated by org.testng.reporters.JUnitReportReporter -->
<testsuite hostname="MSI" name="com.tests.Tests" tests="14" failures="0" timestamp="6 Jul 2016 00:34:44 GMT" time="202.806" errors="0">
  <testcase name="CreateAccountError" time="6.170" classname="com.tests.Tests"/>
  <testcase name="addressError" time="11.558" classname="com.tests.Tests"/>
  <testcase name="CreateAccount" time="20.437" classname="com.tests.Tests"/>
  <testcase name="genderError" time="10.449" classname="com.tests.Tests"/>
  <testcase name="confirmError" time="14.906" classname="com.tests.Tests"/>
  <testcase name="postError" time="17.095" classname="com.tests.Tests"/>
  <testcase name="emailError" time="17.783" classname="com.tests.Tests"/>
  <testcase name="dobError" time="19.804" classname="com.tests.Tests"/>
  <testcase name="stateError" time="10.740" classname="com.tests.Tests"/>
  <testcase name="firstnameError" time="14.634" classname="com.tests.Tests"/>
  <testcase name="passwordError" time="12.343" classname="com.tests.Tests"/>
  <testcase name="phoneError" time="17.887" classname="com.tests.Tests"/>
  <testcase name="cityError" time="11.337" classname="com.tests.Tests"/>
  <testcase name="lastnameError" time="17.663" classname="com.tests.Tests"/>
</testsuite> <!-- com.tests.Tests -->
