<?xml version="1.0" encoding="UTF-8"?>
<!-- Generated by org.testng.reporters.JUnitReportReporter -->
<testsuite hostname="MSI" name="com.tests.TestSoftware" tests="3" failures="0" timestamp="6 Jul 2016 00:34:44 GMT" time="20.020" errors="0">
  <testcase name="SoftwarePageLink2" time="6.697" classname="com.tests.TestSoftware"/>
  <testcase name="SoftwarePageLink1" time="6.806" classname="com.tests.TestSoftware"/>
  <testcase name="SoftwarePageLink3" time="6.517" classname="com.tests.TestSoftware"/>
</testsuite> <!-- com.tests.TestSoftware -->
