<?xml version="1.0" encoding="UTF-8"?>
<!-- Generated by org.testng.reporters.JUnitReportReporter -->
<testsuite hostname="MSI" name="com.tests.TestSoftware" tests="3" failures="0" timestamp="7 Jul 2016 00:18:39 GMT" time="20.744" errors="0">
  <testcase name="SoftwarePageLink3" time="6.833" classname="com.tests.TestSoftware"/>
  <testcase name="SoftwarePageLink1" time="6.743" classname="com.tests.TestSoftware"/>
  <testcase name="SoftwarePageLink2" time="7.168" classname="com.tests.TestSoftware"/>
</testsuite> <!-- com.tests.TestSoftware -->
