<?xml version="1.0" encoding="UTF-8"?>
<!-- Generated by org.testng.reporters.JUnitReportReporter -->
<testsuite hostname="MSI" name="com.tests.TestHomepage" tests="9" failures="0" timestamp="6 Jul 2016 00:34:44 GMT" time="56.291" errors="0">
  <testcase name="homepagelink4" time="6.096" classname="com.tests.TestHomepage"/>
  <testcase name="homepagelink5" time="6.301" classname="com.tests.TestHomepage"/>
  <testcase name="homepagelink6" time="6.314" classname="com.tests.TestHomepage"/>
  <testcase name="homepagelink1" time="6.278" classname="com.tests.TestHomepage"/>
  <testcase name="homepagelink8" time="6.322" classname="com.tests.TestHomepage"/>
  <testcase name="homepagelink2" time="6.306" classname="com.tests.TestHomepage"/>
  <testcase name="homepagelink3" time="6.300" classname="com.tests.TestHomepage"/>
  <testcase name="homepagelink9" time="6.129" classname="com.tests.TestHomepage"/>
  <testcase name="homepagelink7" time="6.245" classname="com.tests.TestHomepage"/>
</testsuite> <!-- com.tests.TestHomepage -->
