<?xml version="1.0" encoding="UTF-8"?>
<!-- Generated by org.testng.reporters.JUnitReportReporter -->
<testsuite hostname="MSI" name="com.tests.TestLogIn" tests="2" failures="0" timestamp="7 Jul 2016 01:29:31 GMT" time="18.721" errors="0">
  <testcase name="login" time="9.905" classname="com.tests.TestLogIn"/>
  <testcase name="wrongLogin" time="8.816" classname="com.tests.TestLogIn"/>
</testsuite> <!-- com.tests.TestLogIn -->
