<?xml version="1.0" encoding="UTF-8"?>
<!-- Generated by org.testng.reporters.JUnitReportReporter -->
<testsuite hostname="MSI" name="com.tests.TestHardware" tests="8" failures="0" timestamp="6 Jul 2016 00:34:44 GMT" time="52.751" errors="0">
  <testcase name="HardwarePagelink7" time="6.707" classname="com.tests.TestHardware"/>
  <testcase name="HardwarePagelink6" time="6.744" classname="com.tests.TestHardware"/>
  <testcase name="HardwarePagelink1" time="6.511" classname="com.tests.TestHardware"/>
  <testcase name="HardwarePagelink8" time="6.579" classname="com.tests.TestHardware"/>
  <testcase name="HardwarePagelink2" time="6.713" classname="com.tests.TestHardware"/>
  <testcase name="HardwarePagelink3" time="6.406" classname="com.tests.TestHardware"/>
  <testcase name="HardwarePagelink5" time="6.590" classname="com.tests.TestHardware"/>
  <testcase name="HardwarePagelink4" time="6.501" classname="com.tests.TestHardware"/>
</testsuite> <!-- com.tests.TestHardware -->
